# JRE version: OpenJDK Runtime Environment Corretto-11.0.12.7.1 (11.0.12+7) (build 11.0.12+7-LTS)
# Java VM: OpenJDK 64-Bit Server VM Corretto-11.0.12.7.1 (11.0.12+7-LTS, mixed mode, tiered, compressed oops, g1 gc, windows-amd64)
Heap:
 garbage-first heap   total 315392K, used 41417K [0x0000000701200000, 0x0000000800000000)
  region size 1024K, 36 young (36864K), 15 survivors (15360K)
 Metaspace       used 60152K, capacity 61775K, committed 61952K, reserved 1103872K
  class space    used 7725K, capacity 8387K, committed 8448K, reserved 1048576K
GC Heap History (14 events):
Event: 0.371 GC heap before
{Heap before GC invocations=0 (full 0):
 garbage-first heap   total 262144K, used 24576K [0x0000000701200000, 0x0000000800000000)
  region size 1024K, 24 young (24576K), 0 survivors (0K)
 Metaspace       used 11553K, capacity 11760K, committed 12032K, reserved 1060864K
  class space    used 1110K, capacity 1174K, committed 1280K, reserved 1048576K
}
Event: 0.374 GC heap after
{Heap after GC invocations=1 (full 0):
 garbage-first heap   total 262144K, used 6130K [0x0000000701200000, 0x0000000800000000)
  region size 1024K, 3 young (3072K), 3 survivors (3072K)
 Metaspace       used 11553K, capacity 11760K, committed 12032K, reserved 1060864K
  class space    used 1110K, capacity 1174K, committed 1280K, reserved 1048576K
}
Event: 0.701 GC heap before
{Heap before GC invocations=1 (full 0):
 garbage-first heap   total 262144K, used 48114K [0x0000000701200000, 0x0000000800000000)
  region size 1024K, 45 young (46080K), 3 survivors (3072K)
 Metaspace       used 20592K, capacity 21115K, committed 21248K, reserved 1069056K
  class space    used 2213K, capacity 2435K, committed 2560K, reserved 1048576K
}
Event: 0.706 GC heap after
{Heap after GC invocations=2 (full 0):
 garbage-first heap   total 262144K, used 7844K [0x0000000701200000, 0x0000000800000000)
  region size 1024K, 5 young (5120K), 5 survivors (5120K)
 Metaspace       used 20592K, capacity 21115K, committed 21248K, reserved 1069056K
  class space    used 2213K, capacity 2435K, committed 2560K, reserved 1048576K
}
Event: 0.845 GC heap before
{Heap before GC invocations=3 (full 0):
 garbage-first heap   total 262144K, used 62116K [0x0000000701200000, 0x0000000800000000)
  region size 1024K, 59 young (60416K), 5 survivors (5120K)
 Metaspace       used 24364K, capacity 24998K, committed 25344K, reserved 1071104K
  class space    used 2730K, capacity 2964K, committed 3072K, reserved 1048576K
}
Event: 0.849 GC heap after
{Heap after GC invocations=4 (full 0):
 garbage-first heap   total 262144K, used 8934K [0x0000000701200000, 0x0000000800000000)
  region size 1024K, 3 young (3072K), 3 survivors (3072K)
 Metaspace       used 24364K, capacity 24998K, committed 25344K, reserved 1071104K
  class space    used 2730K, capacity 2964K, committed 3072K, reserved 1048576K
}
Event: 1.423 GC heap before
{Heap before GC invocations=4 (full 0):
 garbage-first heap   total 262144K, used 85734K [0x0000000701200000, 0x0000000800000000)
  region size 1024K, 79 young (80896K), 3 survivors (3072K)
 Metaspace       used 31766K, capacity 32612K, committed 32768K, reserved 1077248K
  class space    used 3672K, capacity 4013K, committed 4096K, reserved 1048576K
}
Event: 1.427 GC heap after
{Heap after GC invocations=5 (full 0):
 garbage-first heap   total 262144K, used 12214K [0x0000000701200000, 0x0000000800000000)
  region size 1024K, 7 young (7168K), 7 survivors (7168K)
 Metaspace       used 31766K, capacity 32612K, committed 32768K, reserved 1077248K
  class space    used 3672K, capacity 4013K, committed 4096K, reserved 1048576K
}
Event: 1.862 GC heap before
{Heap before GC invocations=5 (full 0):
 garbage-first heap   total 262144K, used 30646K [0x0000000701200000, 0x0000000800000000)
  region size 1024K, 26 young (26624K), 7 survivors (7168K)
 Metaspace       used 34804K, capacity 35779K, committed 35840K, reserved 1081344K
  class space    used 4048K, capacity 4455K, committed 4480K, reserved 1048576K
}
Event: 1.869 GC heap after
{Heap after GC invocations=6 (full 0):
 garbage-first heap   total 315392K, used 13633K [0x0000000701200000, 0x0000000800000000)
  region size 1024K, 8 young (8192K), 8 survivors (8192K)
 Metaspace       used 34804K, capacity 35779K, committed 35840K, reserved 1081344K
  class space    used 4048K, capacity 4455K, committed 4480K, reserved 1048576K
}
Event: 2.707 GC heap before
{Heap before GC invocations=7 (full 0):
 garbage-first heap   total 315392K, used 135489K [0x0000000701200000, 0x0000000800000000)
  region size 1024K, 128 young (131072K), 8 survivors (8192K)
 Metaspace       used 51106K, capacity 52355K, committed 52480K, reserved 1095680K
  class space    used 6405K, capacity 6902K, committed 6912K, reserved 1048576K
}
Event: 2.714 GC heap after
{Heap after GC invocations=8 (full 0):
 garbage-first heap   total 315392K, used 17143K [0x0000000701200000, 0x0000000800000000)
  region size 1024K, 11 young (11264K), 11 survivors (11264K)
 Metaspace       used 51106K, capacity 52355K, committed 52480K, reserved 1095680K
  class space    used 6405K, capacity 6902K, committed 6912K, reserved 1048576K
}
Event: 3.248 GC heap before
{Heap before GC invocations=8 (full 0):
 garbage-first heap   total 315392K, used 68343K [0x0000000701200000, 0x0000000800000000)
  region size 1024K, 63 young (64512K), 11 survivors (11264K)
 Metaspace       used 58494K, capacity 59983K, committed 60160K, reserved 1101824K
  class space    used 7466K, capacity 8074K, committed 8192K, reserved 1048576K
}
Event: 3.261 GC heap after
{Heap after GC invocations=9 (full 0):
 garbage-first heap   total 315392K, used 20937K [0x0000000701200000, 0x0000000800000000)
  region size 1024K, 15 young (15360K), 15 survivors (15360K)
 Metaspace       used 58494K, capacity 59983K, committed 60160K, reserved 1101824K
  class space    used 7466K, capacity 8074K, committed 8192K, reserved 1048576K
}

